<component name="libraryTable">
  <library name="junit-4.13-SNAPSHOT">
    <CLASSES>
      <root url="jar://$USER_HOME$/.gradle/caches/modules-2/files-2.1/junit/junit/4.13-SNAPSHOT/a770c4401e2461222312bf787e21450cbc974191/junit-4.13-SNAPSHOT.jar!/" />
    </CLASSES>
    <JAVADOC />
    <SOURCES>
      <root url="jar://$USER_HOME$/.gradle/caches/modules-2/files-2.1/junit/junit/4.13-SNAPSHOT/ac1c98969a1fd0cda0c153be2c59a0588f2617d0/junit-4.13-SNAPSHOT-sources.jar!/" />
    </SOURCES>
  </library>
</component>